[0830/134509:ERROR:process_info.cc(608)] range at 0x68594bcc00000000, size 0x1fd fully unreadable
[0830/134509:ERROR:process_info.cc(608)] range at 0x68594c2e00000000, size 0x1fd fully unreadable
[0830/134509:ERROR:process_info.cc(608)] range at 0x0, size 0x1fd fully unreadable
[0830/134509:WARNING:in_range_cast.h(38)] value 2187889263932 out of range
[0830/134509:WARNING:in_range_cast.h(38)] value 2187889259414 out of range
[0830/134509:WARNING:in_range_cast.h(38)] value 2187889264216 out of range
[0830/134509:WARNING:in_range_cast.h(38)] value 2187889263368 out of range
[0830/134509:WARNING:in_range_cast.h(38)] value 2187889551568 out of range
[0902/022656:ERROR:process_info.cc(330)] VirtualQueryEx: Access is denied. (0x5)
[0902/022656:ERROR:process_info.cc(547)] ReadMemoryInfo failed
[0902/022656:ERROR:process_info.cc(608)] range at 0x7ffda6f65200, size 0x40 fully unreadable
[0902/022656:ERROR:process_info.cc(608)] range at 0x7ffda6f31410, size 0x12 fully unreadable
[0902/022656:ERROR:process_info.cc(608)] range at 0x7ffda6f31410, size 0x12 fully unreadable
[0902/022656:ERROR:process_info.cc(608)] range at 0x7ffda6f31410, size 0x12 fully unreadable
[0902/022656:ERROR:process_info.cc(608)] range at 0xe4b74bf600000000, size 0x21b fully unreadable
[0902/022656:ERROR:process_info.cc(608)] range at 0xe4b74c5800000000, size 0x21b fully unreadable
[0902/022656:ERROR:process_info.cc(608)] range at 0x0, size 0x21b fully unreadable
[0902/022656:ERROR:process_info.cc(608)] range at 0x7ffda6f621e0, size 0x28 fully unreadable
[0902/022656:ERROR:process_info.cc(608)] range at 0x7ffda6f62d48, size 0x30 fully unreadable
[0902/022656:ERROR:process_reader_win.cc(142)] SuspendThread: Access is denied. (0x5)
[0902/022656:ERROR:exception_snapshot_win.cc(88)] thread ID 22768 not found in process
[0902/022656:WARNING:crash_report_exception_handler.cc(60)] ProcessSnapshotWin::InitializeException failed
[0902/022656:ERROR:scoped_process_suspend.cc(38)] NtResumeProcess, ntstatus=-1073741558
